<?xml version="1.0" encoding="UTF-8"?>
<!-- Generated by org.testng.reporters.JUnitReportReporter -->
<testsuite hostname="BARB357133744" failures="0" tests="1" name="tests.LoginTest" time="5.767" errors="0" timestamp="2025-10-05T15:58:52 IST" skipped="0">
  <testcase classname="tests.LoginTest" name="login_valid" time="5.767"/>
</testsuite> <!-- tests.LoginTest -->
