<?xml version="1.0" encoding="UTF-8"?>
<!-- Generated by org.testng.reporters.JUnitReportReporter -->
<testsuite hostname="BARB357133744" failures="0" tests="1" name="test.Firstscript2" time="12.346" errors="0" timestamp="2025-10-04T00:28:22 IST" skipped="0">
  <testcase classname="test.Firstscript2" name="test1" time="12.346"/>
</testsuite> <!-- test.Firstscript2 -->
